# JRE version: OpenJDK Runtime Environment OpenLogic-OpenJDK (21.0.3+9) (build 21.0.3+9-adhoc.Administrator.jdk21u)
# Java VM: OpenJDK 64-Bit Server VM OpenLogic-OpenJDK (21.0.3+9-adhoc.Administrator.jdk21u, mixed mode, sharing, tiered, compressed oops, compressed class ptrs, g1 gc, windows-amd64)
GC Precious Log:
 CardTable entry size: 512
 Card Set container configuration: InlinePtr #cards 5 size 8 Array Of Cards #cards 12 size 40 Howl #buckets 4 coarsen threshold 1843 Howl Bitmap #cards 512 size 80 coarsen threshold 460 Card regions per heap region 1 cards per card region 2048
 CPUs: 6 total, 6 available
 Memory: 7966M
 Large Page Support: Disabled
 NUMA Support: Disabled
 Compressed Oops: Enabled (32-bit)
 Heap Region Size: 1M
 Heap Min Capacity: 8M
 Heap Initial Capacity: 126M
 Heap Max Capacity: 2G
 Pre-touch: Disabled
 Parallel Workers: 6
 Concurrent Workers: 2
 Concurrent Refinement Workers: 6
 Periodic GC: Disabled
Heap:
 garbage-first heap   total 250880K, used 131207K [0x0000000080000000, 0x0000000100000000)
  region size 1024K, 5 young (5120K), 5 survivors (5120K)
 Metaspace       used 106081K, committed 108416K, reserved 557056K
  class space    used 14879K, committed 16064K, reserved 425984K
GC Heap History (20 events):
Event: 112.602 GC heap after
{Heap after GC invocations=39 (full 0):
 garbage-first heap   total 196608K, used 111764K [0x0000000080000000, 0x0000000100000000)
  region size 1024K, 9 young (9216K), 9 survivors (9216K)
 Metaspace       used 103678K, committed 106048K, reserved 557056K
  class space    used 14701K, committed 15872K, reserved 425984K
}
Event: 112.695 GC heap before
{Heap before GC invocations=39 (full 0):
 garbage-first heap   total 196608K, used 112788K [0x0000000080000000, 0x0000000100000000)
  region size 1024K, 10 young (10240K), 9 survivors (9216K)
 Metaspace       used 103708K, committed 106048K, reserved 557056K
  class space    used 14705K, committed 15872K, reserved 425984K
}
Event: 112.823 GC heap after
{Heap after GC invocations=40 (full 0):
 garbage-first heap   total 196608K, used 113824K [0x0000000080000000, 0x0000000100000000)
  region size 1024K, 2 young (2048K), 2 survivors (2048K)
 Metaspace       used 103708K, committed 106048K, reserved 557056K
  class space    used 14705K, committed 15872K, reserved 425984K
}
Event: 116.140 GC heap before
{Heap before GC invocations=41 (full 0):
 garbage-first heap   total 208896K, used 139424K [0x0000000080000000, 0x0000000100000000)
  region size 1024K, 27 young (27648K), 2 survivors (2048K)
 Metaspace       used 104212K, committed 106560K, reserved 557056K
  class space    used 14758K, committed 15936K, reserved 425984K
}
Event: 116.191 GC heap after
{Heap after GC invocations=42 (full 0):
 garbage-first heap   total 208896K, used 117651K [0x0000000080000000, 0x0000000100000000)
  region size 1024K, 4 young (4096K), 4 survivors (4096K)
 Metaspace       used 104212K, committed 106560K, reserved 557056K
  class space    used 14758K, committed 15936K, reserved 425984K
}
Event: 119.039 GC heap before
{Heap before GC invocations=42 (full 0):
 garbage-first heap   total 208896K, used 159635K [0x0000000080000000, 0x0000000100000000)
  region size 1024K, 46 young (47104K), 4 survivors (4096K)
 Metaspace       used 104569K, committed 106880K, reserved 557056K
  class space    used 14789K, committed 15936K, reserved 425984K
}
Event: 119.092 GC heap after
{Heap after GC invocations=43 (full 0):
 garbage-first heap   total 250880K, used 120056K [0x0000000080000000, 0x0000000100000000)
  region size 1024K, 5 young (5120K), 5 survivors (5120K)
 Metaspace       used 104569K, committed 106880K, reserved 557056K
  class space    used 14789K, committed 15936K, reserved 425984K
}
Event: 122.912 GC heap before
{Heap before GC invocations=43 (full 0):
 garbage-first heap   total 250880K, used 176376K [0x0000000080000000, 0x0000000100000000)
  region size 1024K, 60 young (61440K), 5 survivors (5120K)
 Metaspace       used 104570K, committed 106880K, reserved 557056K
  class space    used 14789K, committed 15936K, reserved 425984K
}
Event: 123.028 GC heap after
{Heap after GC invocations=44 (full 0):
 garbage-first heap   total 250880K, used 121949K [0x0000000080000000, 0x0000000100000000)
  region size 1024K, 7 young (7168K), 7 survivors (7168K)
 Metaspace       used 104570K, committed 106880K, reserved 557056K
  class space    used 14789K, committed 15936K, reserved 425984K
}
Event: 125.880 GC heap before
{Heap before GC invocations=44 (full 0):
 garbage-first heap   total 250880K, used 182365K [0x0000000080000000, 0x0000000100000000)
  region size 1024K, 67 young (68608K), 7 survivors (7168K)
 Metaspace       used 104572K, committed 106880K, reserved 557056K
  class space    used 14789K, committed 15936K, reserved 425984K
}
Event: 126.290 GC heap after
{Heap after GC invocations=45 (full 0):
 garbage-first heap   total 250880K, used 124232K [0x0000000080000000, 0x0000000100000000)
  region size 1024K, 7 young (7168K), 7 survivors (7168K)
 Metaspace       used 104572K, committed 106880K, reserved 557056K
  class space    used 14789K, committed 15936K, reserved 425984K
}
Event: 135.567 GC heap before
{Heap before GC invocations=45 (full 0):
 garbage-first heap   total 250880K, used 169288K [0x0000000080000000, 0x0000000100000000)
  region size 1024K, 52 young (53248K), 7 survivors (7168K)
 Metaspace       used 104634K, committed 106944K, reserved 557056K
  class space    used 14792K, committed 15936K, reserved 425984K
}
Event: 135.789 GC heap after
{Heap after GC invocations=46 (full 0):
 garbage-first heap   total 250880K, used 126964K [0x0000000080000000, 0x0000000100000000)
  region size 1024K, 6 young (6144K), 6 survivors (6144K)
 Metaspace       used 104634K, committed 106944K, reserved 557056K
  class space    used 14792K, committed 15936K, reserved 425984K
}
Event: 142.585 GC heap before
{Heap before GC invocations=47 (full 0):
 garbage-first heap   total 250880K, used 154612K [0x0000000080000000, 0x0000000100000000)
  region size 1024K, 34 young (34816K), 6 survivors (6144K)
 Metaspace       used 104753K, committed 107072K, reserved 557056K
  class space    used 14801K, committed 15936K, reserved 425984K
}
Event: 142.640 GC heap after
{Heap after GC invocations=48 (full 0):
 garbage-first heap   total 250880K, used 127897K [0x0000000080000000, 0x0000000100000000)
  region size 1024K, 4 young (4096K), 4 survivors (4096K)
 Metaspace       used 104753K, committed 107072K, reserved 557056K
  class space    used 14801K, committed 15936K, reserved 425984K
}
Event: 144.087 GC heap before
{Heap before GC invocations=48 (full 0):
 garbage-first heap   total 250880K, used 146329K [0x0000000080000000, 0x0000000100000000)
  region size 1024K, 22 young (22528K), 4 survivors (4096K)
 Metaspace       used 104830K, committed 107200K, reserved 557056K
  class space    used 14807K, committed 16000K, reserved 425984K
}
Event: 144.099 GC heap after
{Heap after GC invocations=49 (full 0):
 garbage-first heap   total 250880K, used 127840K [0x0000000080000000, 0x0000000100000000)
  region size 1024K, 3 young (3072K), 3 survivors (3072K)
 Metaspace       used 104830K, committed 107200K, reserved 557056K
  class space    used 14807K, committed 16000K, reserved 425984K
}
Event: 146.174 GC heap before
{Heap before GC invocations=49 (full 0):
 garbage-first heap   total 250880K, used 175968K [0x0000000080000000, 0x0000000100000000)
  region size 1024K, 51 young (52224K), 3 survivors (3072K)
 Metaspace       used 105002K, committed 107392K, reserved 557056K
  class space    used 14823K, committed 16000K, reserved 425984K
}
Event: 146.225 GC heap after
{Heap after GC invocations=50 (full 0):
 garbage-first heap   total 250880K, used 129592K [0x0000000080000000, 0x0000000100000000)
  region size 1024K, 5 young (5120K), 5 survivors (5120K)
 Metaspace       used 105002K, committed 107392K, reserved 557056K
  class space    used 14823K, committed 16000K, reserved 425984K
}
Event: 154.630 GC heap before
{Heap before GC invocations=50 (full 0):
 garbage-first heap   total 250880K, used 183864K [0x0000000080000000, 0x0000000100000000)
  region size 1024K, 54 young (55296K), 5 survivors (5120K)
 Metaspace       used 106081K, committed 108416K, reserved 557056K
  class space    used 14879K, committed 16064K, reserved 425984K
}

